<?xml version="1.0" encoding="UTF-8"?>
<!-- Generated by org.testng.reporters.JUnitXMLReporter -->
<testsuite hostname="HW0398" name="Running scripts On Firefox for Mobile" tests="1" failures="0" timestamp="24 Sep 2018 11:27:36 GMT" time="385.41" errors="0">
  <testcase name="@AfterTest first1" time="0.0" classname="com.FordFoundation.Fluxx.Fluxx_Grantee_Grant_Approval_Workflow">
    <failure type="java.nio.file.NoSuchFileException" message="C:\FordFoundation\FordFoundation\Binaries\SeleniumFlag.rxlog.data">
      <![CDATA[java.nio.file.NoSuchFileException: C:\FordFoundation\FordFoundation\Binaries\SeleniumFlag.rxlog.data
	at sun.nio.fs.WindowsException.translateToIOException(Unknown Source)
	at sun.nio.fs.WindowsException.rethrowAsIOException(Unknown Source)
	at sun.nio.fs.WindowsException.rethrowAsIOException(Unknown Source)
	at sun.nio.fs.WindowsFileSystemProvider.newByteChannel(Unknown Source)
	at java.nio.file.spi.FileSystemProvider.newOutputStream(Unknown Source)
	at java.nio.file.Files.newOutputStream(Unknown Source)
	at java.nio.file.Files.write(Unknown Source)
	at com.jacada.accelerators.TestEngine.createRxLogFile(TestEngine.java:336)
	at com.jacada.accelerators.TestEngine.first1(TestEngine.java:329)
	at java.util.concurrent.FutureTask.run(Unknown Source)
	at java.util.concurrent.ThreadPoolExecutor.runWorker(Unknown Source)
	at java.util.concurrent.ThreadPoolExecutor$Worker.run(Unknown Source)
	at java.lang.Thread.run(Unknown Source)
... Removed 14 stack frames]]>
    </failure>
  </testcase> <!-- @AfterTest first1 -->
  <testcase name="Fluxx_Grant_Creation" time="380.599" classname="com.FordFoundation.Fluxx.Fluxx_Grantee_Grant_Approval_Workflow"/>
</testsuite> <!-- Running scripts On Firefox for Mobile -->
