<?xml version="1.0" encoding="UTF-8"?>
<!-- Generated by org.testng.reporters.JUnitXMLReporter -->
<testsuite hostname="HW0870" name="Running scripts On Firefox for Mobile(failed)" tests="1" failures="1" timestamp="17 May 2017 14:06:46 GMT" time="10.14" errors="0">
  <testcase name="launchford_Website" time="10.049" classname="com.FordFoundation.Fluxx.Flux_Testcases_Sample">
    <failure type="java.lang.NullPointerException">
      <![CDATA[java.lang.NullPointerException
	at com.FordFoundation.Fluxx.Flux_Testcases_Sample.launchford_Website(Flux_Testcases_Sample.java:34)
	at java.util.concurrent.FutureTask.run(Unknown Source)
	at java.util.concurrent.ThreadPoolExecutor.runWorker(Unknown Source)
	at java.util.concurrent.ThreadPoolExecutor$Worker.run(Unknown Source)
	at java.lang.Thread.run(Unknown Source)
... Removed 16 stack frames]]>
    </failure>
  </testcase> <!-- launchford_Website -->
</testsuite> <!-- Running scripts On Firefox for Mobile(failed) -->
